2021-01-18 10:56:33,417 INFO  main                             - Found 1 HealthChecker implementation:sofaComponentHealthChecker
2021-01-18 10:56:33,418 INFO  main                             - Found 3 HealthIndicator implementation:sofaBootHealthIndicator,multiApplicationHealthIndicator,diskSpaceHealthIndicator
2021-01-18 10:56:33,419 INFO  main                             - Found 0 ReadinessCheckCallback implementation: 
2021-01-18 10:56:33,420 INFO  main                             - Begin SOFABoot HealthChecker readiness check.
2021-01-18 10:56:33,422 INFO  main                             - HealthChecker[sofaComponentHealthChecker] readiness check success with 0 retry.
2021-01-18 10:56:33,424 INFO  main                             - SOFABoot HealthChecker readiness check result: success.
2021-01-18 10:56:33,424 INFO  main                             - Begin SOFABoot HealthIndicator readiness check.
2021-01-18 10:56:33,425 INFO  main                             - HealthIndicator[diskSpaceHealthIndicator] readiness check success.
2021-01-18 10:56:33,426 INFO  main                             - SOFABoot HealthIndicator readiness check result: success.
2021-01-18 10:56:33,426 INFO  main                             - Invoking all readiness check callbacks...
2021-01-18 10:56:33,426 INFO  main                             - Begin ReadinessCheckCallback readiness check
2021-01-18 10:56:33,426 INFO  main                             - ReadinessCheckCallback readiness check result: success.
2021-01-18 10:56:33,426 INFO  main                             - Readiness check result: success
2021-01-18 10:56:51,315 INFO  main                             - Found 1 HealthChecker implementation:sofaComponentHealthChecker
2021-01-18 10:56:51,317 INFO  main                             - Found 3 HealthIndicator implementation:sofaBootHealthIndicator,multiApplicationHealthIndicator,diskSpaceHealthIndicator
2021-01-18 10:56:51,318 INFO  main                             - Found 0 ReadinessCheckCallback implementation: 
2021-01-18 10:56:51,319 INFO  main                             - Begin SOFABoot HealthChecker readiness check.
2021-01-18 10:56:51,320 INFO  main                             - HealthChecker[sofaComponentHealthChecker] readiness check success with 0 retry.
2021-01-18 10:56:51,322 INFO  main                             - SOFABoot HealthChecker readiness check result: success.
2021-01-18 10:56:51,323 INFO  main                             - Begin SOFABoot HealthIndicator readiness check.
2021-01-18 10:56:51,325 INFO  main                             - HealthIndicator[diskSpaceHealthIndicator] readiness check success.
2021-01-18 10:56:51,325 INFO  main                             - SOFABoot HealthIndicator readiness check result: success.
2021-01-18 10:56:51,325 INFO  main                             - Invoking all readiness check callbacks...
2021-01-18 10:56:51,325 INFO  main                             - Begin ReadinessCheckCallback readiness check
2021-01-18 10:56:51,325 INFO  main                             - ReadinessCheckCallback readiness check result: success.
2021-01-18 10:56:51,325 INFO  main                             - Readiness check result: success
2021-01-18 11:08:59,468 INFO  main                             - Found 1 HealthChecker implementation:sofaComponentHealthChecker
2021-01-18 11:08:59,470 INFO  main                             - Found 3 HealthIndicator implementation:sofaBootHealthIndicator,multiApplicationHealthIndicator,diskSpaceHealthIndicator
2021-01-18 11:08:59,471 INFO  main                             - Found 0 ReadinessCheckCallback implementation: 
2021-01-18 11:08:59,471 INFO  main                             - Begin SOFABoot HealthChecker readiness check.
2021-01-18 11:08:59,473 INFO  main                             - HealthChecker[sofaComponentHealthChecker] readiness check success with 0 retry.
2021-01-18 11:08:59,476 INFO  main                             - SOFABoot HealthChecker readiness check result: success.
2021-01-18 11:08:59,476 INFO  main                             - Begin SOFABoot HealthIndicator readiness check.
2021-01-18 11:08:59,478 INFO  main                             - HealthIndicator[diskSpaceHealthIndicator] readiness check success.
2021-01-18 11:08:59,478 INFO  main                             - SOFABoot HealthIndicator readiness check result: success.
2021-01-18 11:08:59,478 INFO  main                             - Invoking all readiness check callbacks...
2021-01-18 11:08:59,478 INFO  main                             - Begin ReadinessCheckCallback readiness check
2021-01-18 11:08:59,478 INFO  main                             - ReadinessCheckCallback readiness check result: success.
2021-01-18 11:08:59,478 INFO  main                             - Readiness check result: success
2021-01-18 11:29:57,696 INFO  main                             - Found 1 HealthChecker implementation:sofaComponentHealthChecker
2021-01-18 11:29:57,698 INFO  main                             - Found 3 HealthIndicator implementation:sofaBootHealthIndicator,multiApplicationHealthIndicator,diskSpaceHealthIndicator
2021-01-18 11:29:57,699 INFO  main                             - Found 0 ReadinessCheckCallback implementation: 
2021-01-18 11:29:57,699 INFO  main                             - Begin SOFABoot HealthChecker readiness check.
2021-01-18 11:29:57,700 INFO  main                             - HealthChecker[sofaComponentHealthChecker] readiness check success with 0 retry.
2021-01-18 11:29:57,702 INFO  main                             - SOFABoot HealthChecker readiness check result: success.
2021-01-18 11:29:57,703 INFO  main                             - Begin SOFABoot HealthIndicator readiness check.
2021-01-18 11:29:57,704 INFO  main                             - HealthIndicator[diskSpaceHealthIndicator] readiness check success.
2021-01-18 11:29:57,704 INFO  main                             - SOFABoot HealthIndicator readiness check result: success.
2021-01-18 11:29:57,704 INFO  main                             - Invoking all readiness check callbacks...
2021-01-18 11:29:57,704 INFO  main                             - Begin ReadinessCheckCallback readiness check
2021-01-18 11:29:57,704 INFO  main                             - ReadinessCheckCallback readiness check result: success.
2021-01-18 11:29:57,704 INFO  main                             - Readiness check result: success
2021-01-18 11:29:57,965 INFO  RMI TCP Connection(1)-127.0.0.1  - Begin SOFABoot HealthChecker liveness check.
2021-01-18 11:29:57,965 INFO  RMI TCP Connection(1)-127.0.0.1  - HealthChecker[sofaComponentHealthChecker] liveness check success with 0 retry.
2021-01-18 11:29:57,966 INFO  RMI TCP Connection(1)-127.0.0.1  - SOFABoot HealthChecker liveness check result: success.
2021-01-18 15:32:40,931 INFO  main                             - Found 1 HealthChecker implementation:sofaComponentHealthChecker
2021-01-18 15:32:40,933 INFO  main                             - Found 3 HealthIndicator implementation:sofaBootHealthIndicator,multiApplicationHealthIndicator,diskSpaceHealthIndicator
2021-01-18 15:32:40,933 INFO  main                             - Found 0 ReadinessCheckCallback implementation: 
2021-01-18 15:32:40,934 INFO  main                             - Begin SOFABoot HealthChecker readiness check.
2021-01-18 15:32:40,935 INFO  main                             - HealthChecker[sofaComponentHealthChecker] readiness check success with 0 retry.
2021-01-18 15:32:40,935 INFO  main                             - SOFABoot HealthChecker readiness check result: success.
2021-01-18 15:32:40,936 INFO  main                             - Begin SOFABoot HealthIndicator readiness check.
2021-01-18 15:32:40,936 INFO  main                             - HealthIndicator[diskSpaceHealthIndicator] readiness check success.
2021-01-18 15:32:40,937 INFO  main                             - SOFABoot HealthIndicator readiness check result: success.
2021-01-18 15:32:40,937 INFO  main                             - Invoking all readiness check callbacks...
2021-01-18 15:32:40,937 INFO  main                             - Begin ReadinessCheckCallback readiness check
2021-01-18 15:32:40,937 INFO  main                             - ReadinessCheckCallback readiness check result: success.
2021-01-18 15:32:40,937 INFO  main                             - Readiness check result: success
2021-01-18 15:32:41,434 INFO  RMI TCP Connection(1)-127.0.0.1  - Begin SOFABoot HealthChecker liveness check.
2021-01-18 15:32:41,435 INFO  RMI TCP Connection(1)-127.0.0.1  - HealthChecker[sofaComponentHealthChecker] liveness check success with 0 retry.
2021-01-18 15:32:41,435 INFO  RMI TCP Connection(1)-127.0.0.1  - SOFABoot HealthChecker liveness check result: success.
