2021-01-18 10:56:30.852  INFO 57640 --- [main] com.ihomefnt.ark.demo2.Demo2Application  : Starting Demo2Application on zhangrongdeMBP.lan with PID 57640 (/Users/zhangrong/Documents/workspace/dataworks/demo2/target/classes started by zhangrong in /Users/zhangrong/Documents/workspace/dataworks/demo2)
2021-01-18 10:56:30.853  INFO 57640 --- [main] com.ihomefnt.ark.demo2.Demo2Application  : No active profile set, falling back to default profiles: default
2021-01-18 10:56:32.241  INFO 57640 --- [main] o.s.b.w.embedded.tomcat.TomcatWebServer  : Tomcat initialized with port(s): 8080 (http)
2021-01-18 10:56:32.272  INFO 57640 --- [main] o.apache.catalina.core.StandardService   : Starting service [Tomcat]
2021-01-18 10:56:32.272  INFO 57640 --- [main] org.apache.catalina.core.StandardEngine  : Starting Servlet engine: [Apache Tomcat/9.0.31]
2021-01-18 10:56:32.364  INFO 57640 --- [main] o.a.c.c.C.[Tomcat].[localhost].[/]       : Initializing Spring embedded WebApplicationContext
2021-01-18 10:56:32.364  INFO 57640 --- [main] o.s.web.context.ContextLoader            : Root WebApplicationContext: initialization completed in 1472 ms
2021-01-18 10:56:32.969  INFO 57640 --- [main] o.s.s.concurrent.ThreadPoolTaskExecutor  : Initializing ExecutorService 'applicationTaskExecutor'
2021-01-18 10:56:33.351  INFO 57640 --- [main] o.s.b.a.e.web.EndpointLinksResolver      : Exposing 4 endpoint(s) beneath base path '/actuator'
2021-01-18 10:56:33.463 ERROR 57640 --- [main] org.apache.catalina.util.LifecycleBase   : Failed to start component [Connector[HTTP/1.1-8080]]

org.apache.catalina.LifecycleException: Protocol handler start failed
	at org.apache.catalina.connector.Connector.startInternal(Connector.java:1038) ~[tomcat-embed-core-9.0.31.jar:9.0.31]
	at org.apache.catalina.util.LifecycleBase.start(LifecycleBase.java:183) ~[tomcat-embed-core-9.0.31.jar:9.0.31]
	at org.apache.catalina.core.StandardService.addConnector(StandardService.java:227) [tomcat-embed-core-9.0.31.jar:9.0.31]
	at org.springframework.boot.web.embedded.tomcat.TomcatWebServer.addPreviouslyRemovedConnectors(TomcatWebServer.java:263) [spring-boot-2.1.13.RELEASE.jar:2.1.13.RELEASE]
	at org.springframework.boot.web.embedded.tomcat.TomcatWebServer.start(TomcatWebServer.java:195) [spring-boot-2.1.13.RELEASE.jar:2.1.13.RELEASE]
	at org.springframework.boot.web.servlet.context.ServletWebServerApplicationContext.startWebServer(ServletWebServerApplicationContext.java:297) [spring-boot-2.1.13.RELEASE.jar:2.1.13.RELEASE]
	at org.springframework.boot.web.servlet.context.ServletWebServerApplicationContext.finishRefresh(ServletWebServerApplicationContext.java:163) [spring-boot-2.1.13.RELEASE.jar:2.1.13.RELEASE]
	at org.springframework.context.support.AbstractApplicationContext.refresh(AbstractApplicationContext.java:552) [spring-context-5.1.14.RELEASE.jar:5.1.14.RELEASE]
	at org.springframework.boot.web.servlet.context.ServletWebServerApplicationContext.refresh(ServletWebServerApplicationContext.java:141) [spring-boot-2.1.13.RELEASE.jar:2.1.13.RELEASE]
	at org.springframework.boot.SpringApplication.refresh(SpringApplication.java:744) [spring-boot-2.1.13.RELEASE.jar:2.1.13.RELEASE]
	at org.springframework.boot.SpringApplication.refreshContext(SpringApplication.java:391) [spring-boot-2.1.13.RELEASE.jar:2.1.13.RELEASE]
	at org.springframework.boot.SpringApplication.run(SpringApplication.java:312) [spring-boot-2.1.13.RELEASE.jar:2.1.13.RELEASE]
	at org.springframework.boot.SpringApplication.run(SpringApplication.java:1215) [spring-boot-2.1.13.RELEASE.jar:2.1.13.RELEASE]
	at org.springframework.boot.SpringApplication.run(SpringApplication.java:1204) [spring-boot-2.1.13.RELEASE.jar:2.1.13.RELEASE]
	at com.ihomefnt.ark.demo2.Demo2Application.main(Demo2Application.java:10) [classes/:na]
	at sun.reflect.NativeMethodAccessorImpl.invoke0(Native Method) ~[na:1.8.0_171]
	at sun.reflect.NativeMethodAccessorImpl.invoke(NativeMethodAccessorImpl.java:62) ~[na:1.8.0_171]
	at sun.reflect.DelegatingMethodAccessorImpl.invoke(DelegatingMethodAccessorImpl.java:43) ~[na:1.8.0_171]
	at java.lang.reflect.Method.invoke(Method.java:498) ~[na:1.8.0_171]
	at org.springframework.boot.maven.AbstractRunMojo$LaunchRunner.run(AbstractRunMojo.java:543) [spring-boot-maven-plugin-2.1.13.RELEASE.jar:2.1.13.RELEASE]
	at java.lang.Thread.run(Thread.java:748) [na:1.8.0_171]
Caused by: java.net.BindException: Address already in use
	at sun.nio.ch.Net.bind0(Native Method) ~[na:1.8.0_171]
	at sun.nio.ch.Net.bind(Net.java:433) ~[na:1.8.0_171]
	at sun.nio.ch.Net.bind(Net.java:425) ~[na:1.8.0_171]
	at sun.nio.ch.ServerSocketChannelImpl.bind(ServerSocketChannelImpl.java:223) ~[na:1.8.0_171]
	at sun.nio.ch.ServerSocketAdaptor.bind(ServerSocketAdaptor.java:74) ~[na:1.8.0_171]
	at org.apache.tomcat.util.net.NioEndpoint.initServerSocket(NioEndpoint.java:229) ~[tomcat-embed-core-9.0.31.jar:9.0.31]
	at org.apache.tomcat.util.net.NioEndpoint.bind(NioEndpoint.java:212) ~[tomcat-embed-core-9.0.31.jar:9.0.31]
	at org.apache.tomcat.util.net.AbstractEndpoint.bindWithCleanup(AbstractEndpoint.java:1141) ~[tomcat-embed-core-9.0.31.jar:9.0.31]
	at org.apache.tomcat.util.net.AbstractEndpoint.start(AbstractEndpoint.java:1227) ~[tomcat-embed-core-9.0.31.jar:9.0.31]
	at org.apache.coyote.AbstractProtocol.start(AbstractProtocol.java:592) ~[tomcat-embed-core-9.0.31.jar:9.0.31]
	at org.apache.catalina.connector.Connector.startInternal(Connector.java:1035) ~[tomcat-embed-core-9.0.31.jar:9.0.31]
	... 20 common frames omitted

2021-01-18 10:56:33.554  INFO 57640 --- [main] o.apache.catalina.core.StandardService   : Stopping service [Tomcat]
2021-01-18 10:56:33.570  INFO 57640 --- [main] ConditionEvaluationReportLoggingListener : 

Error starting ApplicationContext. To display the conditions report re-run your application with 'debug' enabled.
2021-01-18 10:56:33.572 ERROR 57640 --- [main] o.s.b.d.LoggingFailureAnalysisReporter   : 

***************************
APPLICATION FAILED TO START
***************************

Description:

The Tomcat connector configured to listen on port 8080 failed to start. The port may already be in use or the connector may be misconfigured.

Action:

Verify the connector's configuration, identify and stop any process that's listening on port 8080, or configure this application to listen on another port.

2021-01-18 10:56:33.581  WARN 57640 --- [main] o.s.b.f.support.DisposableBeanAdapter    : Invocation of destroy method failed on bean with name 'tomcatMetricsBinder': java.lang.NullPointerException
2021-01-18 10:56:33.584  INFO 57640 --- [main] o.s.s.concurrent.ThreadPoolTaskExecutor  : Shutting down ExecutorService 'applicationTaskExecutor'
2021-01-18 10:56:48.233  INFO 57752 --- [main] com.ihomefnt.ark.demo2.Demo2Application  : Starting Demo2Application on zhangrongdeMBP.lan with PID 57752 (/Users/zhangrong/Documents/workspace/dataworks/demo2/target/classes started by zhangrong in /Users/zhangrong/Documents/workspace/dataworks/demo2)
2021-01-18 10:56:48.234  INFO 57752 --- [main] com.ihomefnt.ark.demo2.Demo2Application  : No active profile set, falling back to default profiles: default
2021-01-18 10:56:50.164  INFO 57752 --- [main] o.s.b.w.embedded.tomcat.TomcatWebServer  : Tomcat initialized with port(s): 8081 (http)
2021-01-18 10:56:50.193  INFO 57752 --- [main] o.apache.catalina.core.StandardService   : Starting service [Tomcat]
2021-01-18 10:56:50.193  INFO 57752 --- [main] org.apache.catalina.core.StandardEngine  : Starting Servlet engine: [Apache Tomcat/9.0.31]
2021-01-18 10:56:50.282  INFO 57752 --- [main] o.a.c.c.C.[Tomcat].[localhost].[/]       : Initializing Spring embedded WebApplicationContext
2021-01-18 10:56:50.282  INFO 57752 --- [main] o.s.web.context.ContextLoader            : Root WebApplicationContext: initialization completed in 2004 ms
2021-01-18 10:56:50.988  INFO 57752 --- [main] o.s.s.concurrent.ThreadPoolTaskExecutor  : Initializing ExecutorService 'applicationTaskExecutor'
2021-01-18 10:56:51.268  INFO 57752 --- [main] o.s.b.a.e.web.EndpointLinksResolver      : Exposing 4 endpoint(s) beneath base path '/actuator'
2021-01-18 10:56:51.373  INFO 57752 --- [main] o.s.b.w.embedded.tomcat.TomcatWebServer  : Tomcat started on port(s): 8081 (http) with context path ''
2021-01-18 10:56:51.379  INFO 57752 --- [main] com.ihomefnt.ark.demo2.Demo2Application  : Started Demo2Application in 3.581 seconds (JVM running for 6.528)
2021-01-18 10:57:19.726  INFO 57752 --- [http-nio-8081-exec-1] o.a.c.c.C.[Tomcat].[localhost].[/]       : Initializing Spring DispatcherServlet 'dispatcherServlet'
2021-01-18 10:57:19.727  INFO 57752 --- [http-nio-8081-exec-1] o.s.web.servlet.DispatcherServlet        : Initializing Servlet 'dispatcherServlet'
2021-01-18 10:57:19.736  INFO 57752 --- [http-nio-8081-exec-1] o.s.web.servlet.DispatcherServlet        : Completed initialization in 9 ms
2021-01-18 11:08:47.902  INFO 57752 --- [Thread-4] o.s.s.concurrent.ThreadPoolTaskExecutor  : Shutting down ExecutorService 'applicationTaskExecutor'
2021-01-18 11:08:56.897  INFO 61144 --- [main] com.ihomefnt.ark.demo2.Demo2Application  : Starting Demo2Application on zhangrongdeMBP.lan with PID 61144 (/Users/zhangrong/Documents/workspace/dataworks/demo2/target/classes started by zhangrong in /Users/zhangrong/Documents/workspace/dataworks/demo2)
2021-01-18 11:08:56.898  INFO 61144 --- [main] com.ihomefnt.ark.demo2.Demo2Application  : No active profile set, falling back to default profiles: default
2021-01-18 11:08:58.291  INFO 61144 --- [main] o.s.b.w.embedded.tomcat.TomcatWebServer  : Tomcat initialized with port(s): 8081 (http)
2021-01-18 11:08:58.324  INFO 61144 --- [main] o.apache.catalina.core.StandardService   : Starting service [Tomcat]
2021-01-18 11:08:58.324  INFO 61144 --- [main] org.apache.catalina.core.StandardEngine  : Starting Servlet engine: [Apache Tomcat/9.0.31]
2021-01-18 11:08:58.419  INFO 61144 --- [main] o.a.c.c.C.[Tomcat].[localhost].[/]       : Initializing Spring embedded WebApplicationContext
2021-01-18 11:08:58.420  INFO 61144 --- [main] o.s.web.context.ContextLoader            : Root WebApplicationContext: initialization completed in 1481 ms
2021-01-18 11:08:58.998  INFO 61144 --- [main] o.s.s.concurrent.ThreadPoolTaskExecutor  : Initializing ExecutorService 'applicationTaskExecutor'
2021-01-18 11:08:59.414  INFO 61144 --- [main] o.s.b.a.e.web.EndpointLinksResolver      : Exposing 4 endpoint(s) beneath base path '/actuator'
2021-01-18 11:08:59.536  INFO 61144 --- [main] o.s.b.w.embedded.tomcat.TomcatWebServer  : Tomcat started on port(s): 8081 (http) with context path ''
2021-01-18 11:08:59.542  INFO 61144 --- [main] com.ihomefnt.ark.demo2.Demo2Application  : Started Demo2Application in 3.169 seconds (JVM running for 9.943)
2021-01-18 11:09:17.473  INFO 61144 --- [http-nio-8081-exec-1] o.a.c.c.C.[Tomcat].[localhost].[/]       : Initializing Spring DispatcherServlet 'dispatcherServlet'
2021-01-18 11:09:17.474  INFO 61144 --- [http-nio-8081-exec-1] o.s.web.servlet.DispatcherServlet        : Initializing Servlet 'dispatcherServlet'
2021-01-18 11:09:17.482  INFO 61144 --- [http-nio-8081-exec-1] o.s.web.servlet.DispatcherServlet        : Completed initialization in 8 ms
2021-01-18 11:09:33.228  INFO 61144 --- [Thread-4] o.s.s.concurrent.ThreadPoolTaskExecutor  : Shutting down ExecutorService 'applicationTaskExecutor'
2021-01-18 11:29:54.558  INFO 67147 --- [main] com.ihomefnt.ark.demo2.Demo2Application  : Starting Demo2Application on zhangrongdeMBP.lan with PID 67147 (/Users/zhangrong/Documents/workspace/dataworks/demo2/target/classes started by zhangrong in /Users/zhangrong/Documents/workspace/dataworks/demo2)
2021-01-18 11:29:54.559  INFO 67147 --- [main] com.ihomefnt.ark.demo2.Demo2Application  : No active profile set, falling back to default profiles: default
2021-01-18 11:29:56.442  INFO 67147 --- [main] o.s.b.w.embedded.tomcat.TomcatWebServer  : Tomcat initialized with port(s): 8081 (http)
2021-01-18 11:29:56.487  INFO 67147 --- [main] o.apache.catalina.core.StandardService   : Starting service [Tomcat]
2021-01-18 11:29:56.489  INFO 67147 --- [main] org.apache.catalina.core.StandardEngine  : Starting Servlet engine: [Apache Tomcat/9.0.31]
2021-01-18 11:29:56.660  INFO 67147 --- [main] o.a.c.c.C.[Tomcat].[localhost].[/]       : Initializing Spring embedded WebApplicationContext
2021-01-18 11:29:56.661  INFO 67147 --- [main] o.s.web.context.ContextLoader            : Root WebApplicationContext: initialization completed in 2059 ms
2021-01-18 11:29:57.364  INFO 67147 --- [main] o.s.s.concurrent.ThreadPoolTaskExecutor  : Initializing ExecutorService 'applicationTaskExecutor'
2021-01-18 11:29:57.665  INFO 67147 --- [main] o.s.b.a.e.web.EndpointLinksResolver      : Exposing 4 endpoint(s) beneath base path '/actuator'
2021-01-18 11:29:57.746  INFO 67147 --- [main] o.s.b.w.embedded.tomcat.TomcatWebServer  : Tomcat started on port(s): 8081 (http) with context path ''
2021-01-18 11:29:57.749  INFO 67147 --- [main] com.ihomefnt.ark.demo2.Demo2Application  : Started Demo2Application in 3.645 seconds (JVM running for 4.253)
2021-01-18 11:29:57.969  INFO 67147 --- [RMI TCP Connection(2)-127.0.0.1] o.a.c.c.C.[Tomcat].[localhost].[/]       : Initializing Spring DispatcherServlet 'dispatcherServlet'
2021-01-18 11:29:57.969  INFO 67147 --- [RMI TCP Connection(2)-127.0.0.1] o.s.web.servlet.DispatcherServlet        : Initializing Servlet 'dispatcherServlet'
2021-01-18 11:29:57.976  INFO 67147 --- [RMI TCP Connection(2)-127.0.0.1] o.s.web.servlet.DispatcherServlet        : Completed initialization in 7 ms
2021-01-18 11:48:15.244  INFO 67147 --- [Thread-7] o.s.s.concurrent.ThreadPoolTaskExecutor  : Shutting down ExecutorService 'applicationTaskExecutor'
2021-01-18 15:32:38.195  INFO 37652 --- [main] com.ihomefnt.ark.demo2.Demo2Application  : Starting Demo2Application on zhangrongdeMBP.lan with PID 37652 (/Users/zhangrong/Documents/workspace/dataworks/demo2/target/classes started by zhangrong in /Users/zhangrong/Documents/workspace/dataworks/demo2)
2021-01-18 15:32:38.197  INFO 37652 --- [main] com.ihomefnt.ark.demo2.Demo2Application  : No active profile set, falling back to default profiles: default
2021-01-18 15:32:39.833  INFO 37652 --- [main] o.s.b.w.embedded.tomcat.TomcatWebServer  : Tomcat initialized with port(s): 8081 (http)
2021-01-18 15:32:39.868  INFO 37652 --- [main] o.apache.catalina.core.StandardService   : Starting service [Tomcat]
2021-01-18 15:32:39.869  INFO 37652 --- [main] org.apache.catalina.core.StandardEngine  : Starting Servlet engine: [Apache Tomcat/9.0.31]
2021-01-18 15:32:40.026  INFO 37652 --- [main] o.a.c.c.C.[Tomcat].[localhost].[/]       : Initializing Spring embedded WebApplicationContext
2021-01-18 15:32:40.027  INFO 37652 --- [main] o.s.web.context.ContextLoader            : Root WebApplicationContext: initialization completed in 1791 ms
2021-01-18 15:32:40.630  INFO 37652 --- [main] o.s.s.concurrent.ThreadPoolTaskExecutor  : Initializing ExecutorService 'applicationTaskExecutor'
2021-01-18 15:32:40.903  INFO 37652 --- [main] o.s.b.a.e.web.EndpointLinksResolver      : Exposing 4 endpoint(s) beneath base path '/actuator'
2021-01-18 15:32:40.975  INFO 37652 --- [main] o.s.b.w.embedded.tomcat.TomcatWebServer  : Tomcat started on port(s): 8081 (http) with context path ''
2021-01-18 15:32:40.978  INFO 37652 --- [main] com.ihomefnt.ark.demo2.Demo2Application  : Started Demo2Application in 3.18 seconds (JVM running for 3.834)
2021-01-18 15:32:41.437  INFO 37652 --- [RMI TCP Connection(2)-127.0.0.1] o.a.c.c.C.[Tomcat].[localhost].[/]       : Initializing Spring DispatcherServlet 'dispatcherServlet'
2021-01-18 15:32:41.438  INFO 37652 --- [RMI TCP Connection(2)-127.0.0.1] o.s.web.servlet.DispatcherServlet        : Initializing Servlet 'dispatcherServlet'
2021-01-18 15:32:41.444  INFO 37652 --- [RMI TCP Connection(2)-127.0.0.1] o.s.web.servlet.DispatcherServlet        : Completed initialization in 6 ms
2021-01-18 15:32:44.256  INFO 37652 --- [Thread-9] o.s.s.concurrent.ThreadPoolTaskExecutor  : Shutting down ExecutorService 'applicationTaskExecutor'
